
2019-08-31 15:37:54 ERROR QuoteController:42 - quote already exists
2019-08-31 15:38:08 ERROR QuoteController:55 - This quote name2 is deleted at 2019-08-30
2019-08-31 15:38:26 ERROR QuoteController:104 - This quote name2 is deleted at2019-08-30
2019-08-31 16:30:22 ERROR QuoteController:64 - This quote name2 is deleted at 2019-08-31T16:30:21
2019-08-31 16:30:26 ERROR QuoteController:118 - This quote name2 is deleted at2019-08-31T16:30:21
2019-08-31 16:30:30 ERROR QuoteController:49 - quote already exists
2019-08-31 16:35:33 ERROR QuoteController:49 - quote already exists
2019-08-31 16:35:40 ERROR QuoteController:64 - This quote name2 is deleted at 2019-08-31T16:35:39
2019-08-31 16:35:43 ERROR QuoteController:118 - This quote name2 is deleted at2019-08-31T16:35:39
2019-08-31 16:37:56 ERROR QuoteController:49 - quote already exists
2019-08-31 16:38:05 ERROR QuoteController:64 - This quote name2 is deleted at 2019-08-31T16:38:05
2019-08-31 16:38:07 ERROR QuoteController:118 - This quote name2 is deleted at2019-08-31T16:38:05
2019-08-31 16:38:09 ERROR QuoteController:101 - quote not exists
2019-08-31 16:42:16 ERROR QuoteController:49 - quote already exists
2019-08-31 16:42:22 ERROR QuoteController:64 - This quote name2 is deleted at 2019-08-31T16:42:20
2019-08-31 16:42:41 ERROR QuoteController:64 - This quote name2 is deleted at 2019-08-31T16:42:38
2019-08-31 17:11:28 ERROR QuoteController:40 - Price cannot be negative
2019-08-31 17:11:44 ERROR QuoteController:40 - Name cannot be empty
2019-08-31 18:18:26 ERROR QuoteController:40 - Price cannot be negative
2019-08-31 18:18:26 ERROR QuoteController:40 - Name cannot be empty
2019-08-31 18:37:59 ERROR QuoteController:41 - Price cannot be negative
2019-08-31 18:37:59 ERROR QuoteController:41 - Name cannot be empty
2019-08-31 20:31:07 ERROR QuoteController:40 - Price cannot be negative
2019-08-31 20:31:07 ERROR QuoteController:40 - Name cannot be empty
2019-08-31 20:52:38 ERROR QuoteController:40 - Name cannot be empty
2019-08-31 20:52:40 ERROR QuoteController:40 - Name cannot be empty
2019-08-31 20:52:51 ERROR QuoteController:40 - Name cannot be empty
2019-08-31 21:51:43 ERROR QuoteController:40 - Name cannot be empty
2019-08-31 21:51:50 ERROR QuoteController:40 - Price cannot be negative
2019-09-01 07:45:33 ERROR QuoteController:108 - Quote already exists
